#
# A fatal error has been detected by the Java Runtime Environment:
#
#  EXCEPTION_ACCESS_VIOLATION (0xc0000005) at pc=0x00000000037c5366, pid=4456, tid=6964
#
# JRE version: Java(TM) SE Runtime Environment (8.0_20-b26) (build 1.8.0_20-b26)
# Java VM: Java HotSpot(TM) 64-Bit Server VM (25.20-b23 mixed mode windows-amd64 compressed oops)
# Problematic frame:
# J 4083 C2 com.android.dx.dex.code.DalvInsnList.getOutsSize()I (105 bytes) @ 0x00000000037c5366 [0x00000000037c5280+0xe6]
#
# Failed to write core dump. Minidumps are not enabled by default on client versions of Windows
#
# If you would like to submit a bug report, please visit:
#   http://bugreport.sun.com/bugreport/crash.jsp
#

---------------  T H R E A D  ---------------

Current thread (0x0000000017a6c000):  JavaThread "pool-1-thread-1" [_thread_in_Java, id=6964, stack(0x0000000019350000,0x0000000019450000)]

siginfo: ExceptionCode=0xc0000005, reading address 0x0000000000000048

Registers:
RAX=0x00000000c139de88, RBX=0x0000000000000001, RCX=0x0000000000000000, RDX=0x0000000000000000
RSP=0x000000001944e810, RBP=0x00000000cbccb6c8, RSI=0x00000000cbe27128, RDI=0x0000000000000000
R8 =0x0000000000000002, R9 =0x00000000d7eb2548, R10=0x000000000000006c, R11=0x0000000000000029
R12=0x0000000000000000, R13=0x00000000c139df38, R14=0x000000001944eb48, R15=0x0000000017a6c000
RIP=0x00000000037c5366, EFLAGS=0x0000000000010246

Top of Stack: (sp=0x000000001944e810)
0x000000001944e810:   0000000000000013 00000000d7eb2458
0x000000001944e820:   0000000000000000 000000000000006b
0x000000001944e830:   00000000d7eb2548 000000000000006c
0x000000001944e840:   00000000cc852958 0000000100076980
0x000000001944e850:   00000000003114b4 00000000035cf884
0x000000001944e860:   ffffffffffffffff 0000000015306798
0x000000001944e870:   00000000030560f0 00000000657a43f8
0x000000001944e880:   000000001944e968 00000000653dd8f1
0x000000001944e890:   000000001944e978 0000000000000000
0x000000001944e8a0:   0000000000000000 000000001944e8e0
0x000000001944e8b0:   0000000000000000 0000000000000000
0x000000001944e8c0:   0000000017a6c000 0000000000000000
0x000000001944e8d0:   000000001528af78 0000000017a6c000
0x000000001944e8e0:   000000001528af78 0000000017a6c000
0x000000001944e8f0:   0000000000000084 00000000cbe26090
0x000000001944e900:   00000000cbe26058 0000000700000000 

Instructions: (pc=0x00000000037c5366)
0x00000000037c5346:   f5 8b 4e 08 81 f9 32 29 01 20 75 b3 8b 6e 24 8b
0x00000000037c5356:   7d 08 48 b9 00 00 00 00 00 00 00 00 48 8d 0c f9
0x00000000037c5366:   48 8b 49 48 48 b8 58 ad 06 00 01 00 00 00 48 3b
0x00000000037c5376:   c8 75 8c 8b 76 10 8b 4e 10 81 ff fd d5 00 20 0f 


Register to memory mapping:

RAX=0x00000000c139de88 is an oop
com.android.dx.rop.type.Prototype 
 - klass: 'com/android/dx/rop/type/Prototype'
RBX=0x0000000000000001 is an unknown value
RCX=0x0000000000000000 is an unknown value
RDX=0x0000000000000000 is an unknown value
RSP=0x000000001944e810 is pointing into the stack for thread: 0x0000000017a6c000
RBP=0x00000000cbccb6c8 is pointing into object: 0x00000000cbccb6b8
java.util.HashMap$Node 
 - klass: 'java/util/HashMap$Node'
RSI=0x00000000cbe27128 is an oop
com.android.dx.dex.code.CstInsn 
 - klass: 'com/android/dx/dex/code/CstInsn'
RDI=0x0000000000000000 is an unknown value
R8 =0x0000000000000002 is an unknown value
R9 =0x00000000d7eb2548 is an oop
com.android.dx.dex.code.DalvInsnList 
 - klass: 'com/android/dx/dex/code/DalvInsnList'
R10=0x000000000000006c is an unknown value
R11=0x0000000000000029 is an unknown value
R12=0x0000000000000000 is an unknown value
R13=0x00000000c139df38 is an oop
[Ljava.lang.Object; 
 - klass: 'java/lang/Object'[]
 - length: 2
R14=0x000000001944eb48 is pointing into the stack for thread: 0x0000000017a6c000
R15=0x0000000017a6c000 is a thread


Stack: [0x0000000019350000,0x0000000019450000],  sp=0x000000001944e810,  free space=1018k
Native frames: (J=compiled Java code, j=interpreted, Vv=VM code, C=native code)
C  0x00000000037c5366


---------------  P R O C E S S  ---------------

Java Threads: ( => current thread )
=>0x0000000017a6c000 JavaThread "pool-1-thread-1" [_thread_in_Java, id=6964, stack(0x0000000019350000,0x0000000019450000)]
  0x00000000170a5000 JavaThread "Service Thread" daemon [_thread_blocked, id=6056, stack(0x0000000017480000,0x0000000017580000)]
  0x0000000015811800 JavaThread "C1 CompilerThread2" daemon [_thread_blocked, id=6384, stack(0x0000000016f80000,0x0000000017080000)]
  0x000000001580e800 JavaThread "C2 CompilerThread1" daemon [_thread_blocked, id=5608, stack(0x0000000016e80000,0x0000000016f80000)]
  0x000000001580b800 JavaThread "C2 CompilerThread0" daemon [_thread_blocked, id=5912, stack(0x0000000016d80000,0x0000000016e80000)]
  0x000000001580a000 JavaThread "Attach Listener" daemon [_thread_blocked, id=5040, stack(0x0000000016c80000,0x0000000016d80000)]
  0x0000000015808800 JavaThread "Signal Dispatcher" daemon [_thread_blocked, id=6844, stack(0x0000000016b80000,0x0000000016c80000)]
  0x00000000157d8000 JavaThread "Finalizer" daemon [_thread_blocked, id=5140, stack(0x0000000016a80000,0x0000000016b80000)]
  0x000000000312d000 JavaThread "Reference Handler" daemon [_thread_blocked, id=2400, stack(0x0000000016980000,0x0000000016a80000)]
  0x0000000003040800 JavaThread "main" [_thread_blocked, id=6228, stack(0x0000000002c20000,0x0000000002d20000)]

Other Threads:
  0x00000000157d6800 VMThread [stack: 0x0000000016880000,0x0000000016980000] [id=7136]
  0x00000000170aa000 WatcherThread [stack: 0x0000000017580000,0x0000000017680000] [id=5100]

VM state:not at safepoint (normal execution)

VM Mutex/Monitor currently owned by a thread: None

Heap:
 PSYoungGen      total 232960K, used 31372K [0x00000000eab00000, 0x0000000100000000, 0x0000000100000000)
  eden space 116736K, 26% used [0x00000000eab00000,0x00000000ec9a30c0,0x00000000f1d00000)
  from space 116224K, 0% used [0x00000000f1d00000,0x00000000f1d00000,0x00000000f8e80000)
  to   space 116224K, 0% used [0x00000000f8e80000,0x00000000f8e80000,0x0000000100000000)
 ParOldGen       total 699392K, used 412586K [0x00000000c0000000, 0x00000000eab00000, 0x00000000eab00000)
  object space 699392K, 58% used [0x00000000c0000000,0x00000000d92ea9a8,0x00000000eab00000)
 Metaspace       used 7397K, capacity 7896K, committed 8192K, reserved 1056768K
  class space    used 669K, capacity 720K, committed 768K, reserved 1048576K

Card table byte_map: [0x0000000012500000,0x0000000012710000] byte_map_base: 0x0000000011f00000

Marking Bits: (ParMarkBitMap*) 0x000000006599b460
 Begin Bits: [0x0000000012c70000, 0x0000000013c70000)
 End Bits:   [0x0000000013c70000, 0x0000000014c70000)

Polling page: 0x00000000012a0000

CodeCache: size=245760Kb used=14534Kb max_used=14596Kb free=231226Kb
 bounds [0x0000000003140000, 0x0000000003f90000, 0x0000000012140000]
 total_blobs=3530 nmethods=3257 adapters=186
 compilation: enabled

Compilation events (10 events):
Event: 52.724 Thread 0x0000000015811800 4111       3       com.android.dx.dex.file.CodeItem::writeTo0 (489 bytes)
Event: 52.724 Thread 0x000000001580b800 4108       4       com.android.dx.dex.file.CodeItem::getRegistersSize (11 bytes)
Event: 52.724 Thread 0x000000001580e800 4109       4       com.android.dx.dex.file.CodeItem::getOutsSize (11 bytes)
Event: 52.725 Thread 0x000000001580b800 nmethod 4108 0x000000000380bc90 code [0x000000000380bde0, 0x000000000380be88]
Event: 52.725 Thread 0x000000001580b800 4110       4       com.android.dx.dex.file.CodeItem::getInsSize (12 bytes)
Event: 52.727 Thread 0x000000001580b800 nmethod 4110 0x0000000003c6b450 code [0x0000000003c6b5a0, 0x0000000003c6b7a8]
Event: 52.727 Thread 0x000000001580b800 4112       4       com.android.dx.dex.code.DalvCode::getInsns (9 bytes)
Event: 52.728 Thread 0x0000000015811800 nmethod 4111 0x00000000035cea10 code [0x00000000035cf360, 0x00000000035d5a08]
Event: 52.728 Thread 0x000000001580b800 nmethod 4112 0x0000000003636e90 code [0x0000000003636fe0, 0x0000000003637068]
Event: 52.729 Thread 0x000000001580e800 nmethod 4109 0x00000000033732d0 code [0x0000000003373460, 0x00000000033738d8]

GC Heap History (10 events):
Event: 39.510 GC heap before
{Heap before GC invocations=59 (full 16):
 PSYoungGen      total 232960K, used 116736K [0x00000000eab00000, 0x0000000100000000, 0x0000000100000000)
  eden space 116736K, 100% used [0x00000000eab00000,0x00000000f1d00000,0x00000000f1d00000)
  from space 116224K, 0% used [0x00000000f1d00000,0x00000000f1d00000,0x00000000f8e80000)
  to   space 116224K, 0% used [0x00000000f8e80000,0x00000000f8e80000,0x0000000100000000)
 ParOldGen       total 699392K, used 699286K [0x00000000c0000000, 0x00000000eab00000, 0x00000000eab00000)
  object space 699392K, 99% used [0x00000000c0000000,0x00000000eaae59d8,0x00000000eab00000)
 Metaspace       used 6688K, capacity 7384K, committed 7680K, reserved 1056768K
  class space    used 622K, capacity 656K, committed 768K, reserved 1048576K
Event: 42.961 GC heap after
Heap after GC invocations=59 (full 16):
 PSYoungGen      total 232960K, used 72995K [0x00000000eab00000, 0x0000000100000000, 0x0000000100000000)
  eden space 116736K, 62% used [0x00000000eab00000,0x00000000ef248c00,0x00000000f1d00000)
  from space 116224K, 0% used [0x00000000f1d00000,0x00000000f1d00000,0x00000000f8e80000)
  to   space 116224K, 0% used [0x00000000f8e80000,0x00000000f8e80000,0x0000000100000000)
 ParOldGen       total 699392K, used 699007K [0x00000000c0000000, 0x00000000eab00000, 0x00000000eab00000)
  object space 699392K, 99% used [0x00000000c0000000,0x00000000eaa9fec0,0x00000000eab00000)
 Metaspace       used 6688K, capacity 7384K, committed 7680K, reserved 1056768K
  class space    used 622K, capacity 656K, committed 768K, reserved 1048576K
}
Event: 43.033 GC heap before
{Heap before GC invocations=60 (full 17):
 PSYoungGen      total 232960K, used 116736K [0x00000000eab00000, 0x0000000100000000, 0x0000000100000000)
  eden space 116736K, 100% used [0x00000000eab00000,0x00000000f1d00000,0x00000000f1d00000)
  from space 116224K, 0% used [0x00000000f1d00000,0x00000000f1d00000,0x00000000f8e80000)
  to   space 116224K, 0% used [0x00000000f8e80000,0x00000000f8e80000,0x0000000100000000)
 ParOldGen       total 699392K, used 699007K [0x00000000c0000000, 0x00000000eab00000, 0x00000000eab00000)
  object space 699392K, 99% used [0x00000000c0000000,0x00000000eaa9fec0,0x00000000eab00000)
 Metaspace       used 6688K, capacity 7384K, committed 7680K, reserved 1056768K
  class space    used 622K, capacity 656K, committed 768K, reserved 1048576K
Event: 45.315 GC heap after
Heap after GC invocations=60 (full 17):
 PSYoungGen      total 232960K, used 79153K [0x00000000eab00000, 0x0000000100000000, 0x0000000100000000)
  eden space 116736K, 67% used [0x00000000eab00000,0x00000000ef84c6a0,0x00000000f1d00000)
  from space 116224K, 0% used [0x00000000f1d00000,0x00000000f1d00000,0x00000000f8e80000)
  to   space 116224K, 0% used [0x00000000f8e80000,0x00000000f8e80000,0x0000000100000000)
 ParOldGen       total 699392K, used 699006K [0x00000000c0000000, 0x00000000eab00000, 0x00000000eab00000)
  object space 699392K, 99% used [0x00000000c0000000,0x00000000eaa9f860,0x00000000eab00000)
 Metaspace       used 6688K, capacity 7384K, committed 7680K, reserved 1056768K
  class space    used 622K, capacity 656K, committed 768K, reserved 1048576K
}
Event: 45.890 GC heap before
{Heap before GC invocations=61 (full 18):
 PSYoungGen      total 232960K, used 116736K [0x00000000eab00000, 0x0000000100000000, 0x0000000100000000)
  eden space 116736K, 100% used [0x00000000eab00000,0x00000000f1d00000,0x00000000f1d00000)
  from space 116224K, 0% used [0x00000000f1d00000,0x00000000f1d00000,0x00000000f8e80000)
  to   space 116224K, 0% used [0x00000000f8e80000,0x00000000f8e80000,0x0000000100000000)
 ParOldGen       total 699392K, used 699006K [0x00000000c0000000, 0x00000000eab00000, 0x00000000eab00000)
  object space 699392K, 99% used [0x00000000c0000000,0x00000000eaa9f860,0x00000000eab00000)
 Metaspace       used 7341K, capacity 7832K, committed 7936K, reserved 1056768K
  class space    used 669K, capacity 720K, committed 768K, reserved 1048576K
Event: 47.252 GC heap after
Heap after GC invocations=61 (full 18):
 PSYoungGen      total 232960K, used 45492K [0x00000000eab00000, 0x0000000100000000, 0x0000000100000000)
  eden space 116736K, 38% used [0x00000000eab00000,0x00000000ed76d308,0x00000000f1d00000)
  from space 116224K, 0% used [0x00000000f1d00000,0x00000000f1d00000,0x00000000f8e80000)
  to   space 116224K, 0% used [0x00000000f8e80000,0x00000000f8e80000,0x0000000100000000)
 ParOldGen       total 699392K, used 699364K [0x00000000c0000000, 0x00000000eab00000, 0x00000000eab00000)
  object space 699392K, 99% used [0x00000000c0000000,0x00000000eaaf92e0,0x00000000eab00000)
 Metaspace       used 7341K, capacity 7832K, committed 7936K, reserved 1056768K
  class space    used 669K, capacity 720K, committed 768K, reserved 1048576K
}
Event: 48.095 GC heap before
{Heap before GC invocations=62 (full 19):
 PSYoungGen      total 232960K, used 116736K [0x00000000eab00000, 0x0000000100000000, 0x0000000100000000)
  eden space 116736K, 100% used [0x00000000eab00000,0x00000000f1d00000,0x00000000f1d00000)
  from space 116224K, 0% used [0x00000000f1d00000,0x00000000f1d00000,0x00000000f8e80000)
  to   space 116224K, 0% used [0x00000000f8e80000,0x00000000f8e80000,0x0000000100000000)
 ParOldGen       total 699392K, used 699364K [0x00000000c0000000, 0x00000000eab00000, 0x00000000eab00000)
  object space 699392K, 99% used [0x00000000c0000000,0x00000000eaaf92e0,0x00000000eab00000)
 Metaspace       used 7367K, capacity 7832K, committed 7936K, reserved 1056768K
  class space    used 669K, capacity 720K, committed 768K, reserved 1048576K
Event: 50.295 GC heap after
Heap after GC invocations=62 (full 19):
 PSYoungGen      total 232960K, used 0K [0x00000000eab00000, 0x0000000100000000, 0x0000000100000000)
  eden space 116736K, 0% used [0x00000000eab00000,0x00000000eab00000,0x00000000f1d00000)
  from space 116224K, 0% used [0x00000000f1d00000,0x00000000f1d00000,0x00000000f8e80000)
  to   space 116224K, 0% used [0x00000000f8e80000,0x00000000f8e80000,0x0000000100000000)
 ParOldGen       total 699392K, used 660319K [0x00000000c0000000, 0x00000000eab00000, 0x00000000eab00000)
  object space 699392K, 94% used [0x00000000c0000000,0x00000000e84d7ff8,0x00000000eab00000)
 Metaspace       used 7367K, capacity 7832K, committed 7936K, reserved 1056768K
  class space    used 669K, capacity 720K, committed 768K, reserved 1048576K
}
Event: 51.075 GC heap before
{Heap before GC invocations=63 (full 20):
 PSYoungGen      total 232960K, used 116736K [0x00000000eab00000, 0x0000000100000000, 0x0000000100000000)
  eden space 116736K, 100% used [0x00000000eab00000,0x00000000f1d00000,0x00000000f1d00000)
  from space 116224K, 0% used [0x00000000f1d00000,0x00000000f1d00000,0x00000000f8e80000)
  to   space 116224K, 0% used [0x00000000f8e80000,0x00000000f8e80000,0x0000000100000000)
 ParOldGen       total 699392K, used 660319K [0x00000000c0000000, 0x00000000eab00000, 0x00000000eab00000)
  object space 699392K, 94% used [0x00000000c0000000,0x00000000e84d7ff8,0x00000000eab00000)
 Metaspace       used 7374K, capacity 7832K, committed 7936K, reserved 1056768K
  class space    used 669K, capacity 720K, committed 768K, reserved 1048576K
Event: 52.312 GC heap after
Heap after GC invocations=63 (full 20):
 PSYoungGen      total 232960K, used 0K [0x00000000eab00000, 0x0000000100000000, 0x0000000100000000)
  eden space 116736K, 0% used [0x00000000eab00000,0x00000000eab00000,0x00000000f1d00000)
  from space 116224K, 0% used [0x00000000f1d00000,0x00000000f1d00000,0x00000000f8e80000)
  to   space 116224K, 0% used [0x00000000f8e80000,0x00000000f8e80000,0x0000000100000000)
 ParOldGen       total 699392K, used 412586K [0x00000000c0000000, 0x00000000eab00000, 0x00000000eab00000)
  object space 699392K, 58% used [0x00000000c0000000,0x00000000d92ea9a8,0x00000000eab00000)
 Metaspace       used 7374K, capacity 7832K, committed 7936K, reserved 1056768K
  class space    used 669K, capacity 720K, committed 768K, reserved 1048576K
}

Deoptimization events (10 events):
Event: 52.544 Thread 0x0000000017a6c000 Uncommon trap: reason=speculate_class_check action=maybe_recompile pc=0x00000000039955a0 method=com.android.dx.dex.file.MemberIdItem.writeTo(Lcom/android/dx/dex/file/DexFile;Lcom/android/dx/util/AnnotatedOutput;)V @ 44
Event: 52.544 Thread 0x0000000017a6c000 Uncommon trap: reason=speculate_class_check action=maybe_recompile pc=0x00000000039955a0 method=com.android.dx.dex.file.MemberIdItem.writeTo(Lcom/android/dx/dex/file/DexFile;Lcom/android/dx/util/AnnotatedOutput;)V @ 44
Event: 52.545 Thread 0x0000000017a6c000 Uncommon trap: reason=speculate_class_check action=maybe_recompile pc=0x00000000039955a0 method=com.android.dx.dex.file.MemberIdItem.writeTo(Lcom/android/dx/dex/file/DexFile;Lcom/android/dx/util/AnnotatedOutput;)V @ 44
Event: 52.629 Thread 0x0000000017a6c000 Uncommon trap: reason=class_check action=maybe_recompile pc=0x00000000037e83e4 method=com.android.dx.dex.file.UniformItemSection.writeTo0(Lcom/android/dx/util/AnnotatedOutput;)V @ 14
Event: 52.630 Thread 0x0000000017a6c000 Uncommon trap: reason=predicate action=maybe_recompile pc=0x0000000003adf5e0 method=com.android.dx.dex.file.UniformItemSection.writeTo0(Lcom/android/dx/util/AnnotatedOutput;)V @ 21
Event: 52.651 Thread 0x0000000017a6c000 Uncommon trap: reason=speculate_class_check action=maybe_recompile pc=0x000000000357424c method=com.android.dx.dex.file.OffsettedItem.writeTo(Lcom/android/dx/dex/file/DexFile;Lcom/android/dx/util/AnnotatedOutput;)V @ 68
Event: 52.651 Thread 0x0000000017a6c000 Uncommon trap: reason=speculate_class_check action=maybe_recompile pc=0x000000000357424c method=com.android.dx.dex.file.OffsettedItem.writeTo(Lcom/android/dx/dex/file/DexFile;Lcom/android/dx/util/AnnotatedOutput;)V @ 68
Event: 52.651 Thread 0x0000000017a6c000 Uncommon trap: reason=speculate_class_check action=maybe_recompile pc=0x000000000357424c method=com.android.dx.dex.file.OffsettedItem.writeTo(Lcom/android/dx/dex/file/DexFile;Lcom/android/dx/util/AnnotatedOutput;)V @ 68
Event: 52.651 Thread 0x0000000017a6c000 Uncommon trap: reason=speculate_class_check action=maybe_recompile pc=0x000000000357424c method=com.android.dx.dex.file.OffsettedItem.writeTo(Lcom/android/dx/dex/file/DexFile;Lcom/android/dx/util/AnnotatedOutput;)V @ 68
Event: 52.724 Thread 0x0000000017a6c000 Uncommon trap: reason=unreached action=reinterpret pc=0x00000000035dc550 method=com.android.dx.dex.file.CodeItem.writeTo0(Lcom/android/dx/dex/file/DexFile;Lcom/android/dx/util/AnnotatedOutput;)V @ 75

Internal exceptions (10 events):
Event: 45.657 Thread 0x00000000176a2800 Exception <a 'java/security/PrivilegedActionException'> (0x00000000f0fced88) thrown at [D:\re\workspace\8-2-build-windows-amd64-cygwin\jdk8u20\1074\hotspot\src\share\vm\prims\jvm.cpp, line 1275]
Event: 45.659 Thread 0x00000000176a2800 Exception <a 'java/security/PrivilegedActionException'> (0x00000000f0fda9f8) thrown at [D:\re\workspace\8-2-build-windows-amd64-cygwin\jdk8u20\1074\hotspot\src\share\vm\prims\jvm.cpp, line 1275]
Event: 45.660 Thread 0x00000000176a2800 Exception <a 'java/security/PrivilegedActionException'> (0x00000000f0fdd5d8) thrown at [D:\re\workspace\8-2-build-windows-amd64-cygwin\jdk8u20\1074\hotspot\src\share\vm\prims\jvm.cpp, line 1275]
Event: 45.686 Thread 0x00000000176a2800 Exception <a 'java/security/PrivilegedActionException'> (0x00000000f1471a48) thrown at [D:\re\workspace\8-2-build-windows-amd64-cygwin\jdk8u20\1074\hotspot\src\share\vm\prims\jvm.cpp, line 1275]
Event: 45.735 Thread 0x00000000176a2800 Exception <a 'java/security/PrivilegedActionException'> (0x00000000f16c5a28) thrown at [D:\re\workspace\8-2-build-windows-amd64-cygwin\jdk8u20\1074\hotspot\src\share\vm\prims\jvm.cpp, line 1275]
Event: 45.743 Thread 0x00000000176a2800 Exception <a 'java/security/PrivilegedActionException'> (0x00000000f16cb568) thrown at [D:\re\workspace\8-2-build-windows-amd64-cygwin\jdk8u20\1074\hotspot\src\share\vm\prims\jvm.cpp, line 1275]
Event: 45.839 Thread 0x00000000176a2800 Exception <a 'java/security/PrivilegedActionException'> (0x00000000f16de210) thrown at [D:\re\workspace\8-2-build-windows-amd64-cygwin\jdk8u20\1074\hotspot\src\share\vm\prims\jvm.cpp, line 1275]
Event: 47.956 Thread 0x0000000017a6c000 Exception <a 'java/security/PrivilegedActionException'> (0x00000000f0cbb170) thrown at [D:\re\workspace\8-2-build-windows-amd64-cygwin\jdk8u20\1074\hotspot\src\share\vm\prims\jvm.cpp, line 1275]
Event: 52.724 Thread 0x0000000017a6c000 Implicit null exception at 0x00000000035daa35 to 0x00000000035dc511
Event: 52.736 Thread 0x0000000017a6c000 Implicit null exception at 0x00000000037c5366 to 0x0000000000000000

Events (10 events):
Event: 52.660 Thread 0x0000000017a6c000 DEOPT UNPACKING pc=0x00000000031875bf sp=0x000000001944e4c0 mode 0
Event: 52.660 Thread 0x0000000017a6c000 DEOPT PACKING pc=0x0000000003eb1e8a sp=0x000000001944e7a0
Event: 52.660 Thread 0x0000000017a6c000 DEOPT UNPACKING pc=0x00000000031875bf sp=0x000000001944e4c0 mode 0
Event: 52.661 Thread 0x0000000017a6c000 DEOPT PACKING pc=0x0000000003eb1e8a sp=0x000000001944e7a0
Event: 52.661 Thread 0x0000000017a6c000 DEOPT UNPACKING pc=0x00000000031875bf sp=0x000000001944e4c0 mode 0
Event: 52.662 Thread 0x0000000017a6c000 DEOPT PACKING pc=0x0000000003eb1e8a sp=0x000000001944e7a0
Event: 52.662 Thread 0x0000000017a6c000 DEOPT UNPACKING pc=0x00000000031875bf sp=0x000000001944e4c0 mode 0
Event: 52.724 Thread 0x0000000017a6c000 Uncommon trap: trap_request=0xffffffad fr.pc=0x00000000035dc550
Event: 52.724 Thread 0x0000000017a6c000 DEOPT PACKING pc=0x00000000035dc550 sp=0x000000001944e980
Event: 52.724 Thread 0x0000000017a6c000 DEOPT UNPACKING pc=0x000000000318556a sp=0x000000001944e948 mode 2


Dynamic libraries:
0x000007f78e9c0000 - 0x000007f78e9f4000 	C:\Program Files\Java\jdk1.8.0_20\bin\java.exe
0x000007f82f880000 - 0x000007f82fa3e000 	C:\Windows\SYSTEM32\ntdll.dll
0x000007f82e8f0000 - 0x000007f82ea27000 	C:\Windows\system32\KERNEL32.DLL
0x000007f82c9d0000 - 0x000007f82cac4000 	C:\Windows\system32\KERNELBASE.dll
0x000007f82edd0000 - 0x000007f82eeae000 	C:\Windows\system32\ADVAPI32.dll
0x000007f82cdd0000 - 0x000007f82cf1c000 	C:\Windows\system32\USER32.dll
0x000007f82bdf0000 - 0x000007f82c05a000 	C:\Windows\WinSxS\amd64_microsoft.windows.common-controls_6595b64144ccf1df_6.0.9200.17359_none_4188b989718cf1c6\COMCTL32.dll
0x000007f82f390000 - 0x000007f82f435000 	C:\Windows\system32\msvcrt.dll
0x000007f82e890000 - 0x000007f82e8d8000 	C:\Windows\SYSTEM32\sechost.dll
0x000007f82f4b0000 - 0x000007f82f5f5000 	C:\Windows\system32\RPCRT4.dll
0x000007f82ec80000 - 0x000007f82edc1000 	C:\Windows\system32\GDI32.dll
0x000007f82f670000 - 0x000007f82f6a9000 	C:\Windows\system32\IMM32.DLL
0x000007f82cc50000 - 0x000007f82cd65000 	C:\Windows\system32\MSCTF.dll
0x0000000064ec0000 - 0x0000000064f92000 	C:\Program Files\Java\jdk1.8.0_20\jre\bin\msvcr100.dll
0x00000000651c0000 - 0x0000000065a18000 	C:\Program Files\Java\jdk1.8.0_20\jre\bin\server\jvm.dll
0x000007f82bd90000 - 0x000007f82bd99000 	C:\Windows\SYSTEM32\WSOCK32.dll
0x000007f822c70000 - 0x000007f822c90000 	C:\Windows\SYSTEM32\WINMM.dll
0x000007f82cf30000 - 0x000007f82cf37000 	C:\Windows\system32\PSAPI.DLL
0x000007f82cd70000 - 0x000007f82cdc8000 	C:\Windows\system32\WS2_32.dll
0x000007f822c30000 - 0x000007f822c63000 	C:\Windows\SYSTEM32\WINMMBASE.dll
0x000007f82f4a0000 - 0x000007f82f4a9000 	C:\Windows\system32\NSI.dll
0x000007f82caf0000 - 0x000007f82cb3f000 	C:\Windows\SYSTEM32\cfgmgr32.dll
0x000007f82c7c0000 - 0x000007f82c7e2000 	C:\Windows\system32\DEVOBJ.dll
0x0000000066050000 - 0x000000006605f000 	C:\Program Files\Java\jdk1.8.0_20\jre\bin\verify.dll
0x0000000066020000 - 0x0000000066048000 	C:\Program Files\Java\jdk1.8.0_20\jre\bin\java.dll
0x0000000066000000 - 0x0000000066016000 	C:\Program Files\Java\jdk1.8.0_20\jre\bin\zip.dll
0x000007f82d580000 - 0x000007f82e865000 	C:\Windows\system32\SHELL32.dll
0x000007f82f1e0000 - 0x000007f82f390000 	C:\Windows\SYSTEM32\combase.dll
0x000007f82f190000 - 0x000007f82f1e0000 	C:\Windows\system32\SHLWAPI.dll
0x000007f82b840000 - 0x000007f82b8d6000 	C:\Windows\SYSTEM32\SHCORE.dll
0x000007f82c780000 - 0x000007f82c795000 	C:\Windows\system32\profapi.dll
0x000007f822890000 - 0x000007f8229f3000 	C:\Windows\SYSTEM32\dbghelp.dll

VM Arguments:
jvm_args: -Xmx1024M -Dfile.encoding=windows-1252 -Duser.country=US -Duser.language=en -Duser.variant 
java_command: com.android.dx.command.Main --dex --num-threads=4 --multi-dex --main-dex-list D:\Aman\Data\AMAN_WS\GolfClubWS\GolfClubLacote_User22\app\build\intermediates\multi-dex\debug\maindexlist.txt --output D:\Aman\Data\AMAN_WS\GolfClubWS\GolfClubLacote_User22\app\build\intermediates\dex\debug D:\Aman\Data\AMAN_WS\GolfClubWS\GolfClubLacote_User22\app\build\intermediates\multi-dex\debug\allclasses.jar
java_class_path (initial): D:\Aman\Data\Android\sdk\build-tools\23.0.2\lib\dx.jar
Launcher Type: SUN_STANDARD

Environment Variables:
PATH=C:\ProgramData\Oracle\Java\javapath;C:\Windows\system32;C:\Windows;C:\Windows\System32\Wbem;C:\Windows\System32\WindowsPowerShell\v1.0\;C:\Program Files (x86)\Windows Live\Shared;C:\Program Files (x86)\Skype\Phone\;C:\ProgramData\Oracle\Java\javapath;C:\Windows\system32;C:\Windows;C:\Windows\System32\Wbem;C:\Windows\System32\WindowsPowerShell\v1.0\;C:\Program Files (x86)\Windows Live\Shared;C:\Program Files (x86)\Skype\Phone\
USERNAME=aman
OS=Windows_NT
PROCESSOR_IDENTIFIER=Intel64 Family 6 Model 58 Stepping 9, GenuineIntel



---------------  S Y S T E M  ---------------

OS: Windows 8 , 64 bit Build 9200 

CPU:total 4 (4 cores per cpu, 1 threads per core) family 6 model 58 stepping 9, cmov, cx8, fxsr, mmx, sse, sse2, sse3, ssse3, sse4.1, sse4.2, popcnt, avx, aes, clmul, erms, tsc, tscinvbit, tscinv

Memory: 4k page, physical 6176828k(907772k free), swap 12468520k(5864496k free)

vm_info: Java HotSpot(TM) 64-Bit Server VM (25.20-b23) for windows-amd64 JRE (1.8.0_20-b26), built on Jul 30 2014 13:51:23 by "java_re" with MS VC++ 10.0 (VS2010)

time: Wed Mar 23 15:45:51 2016
elapsed time: 52 seconds (0d 0h 0m 52s)

